c:\users\bartek\desktop\career\breakout\breakout\x64\debug\vc143.pdb
c:\users\bartek\desktop\career\breakout\breakout\x64\debug\vc143.idb
c:\users\bartek\desktop\career\breakout\breakout\x64\debug\main.obj
c:\users\bartek\desktop\career\breakout\breakout\x64\debug\pausemenu.obj
c:\users\bartek\desktop\career\breakout\breakout\x64\debug\paddle.obj
c:\users\bartek\desktop\career\breakout\breakout\x64\debug\menu.obj
c:\users\bartek\desktop\career\breakout\breakout\x64\debug\game.obj
c:\users\bartek\desktop\career\breakout\breakout\x64\debug\blocksfield.obj
c:\users\bartek\desktop\career\breakout\breakout\x64\debug\block.obj
c:\users\bartek\desktop\career\breakout\breakout\x64\debug\ball.obj
c:\users\bartek\desktop\career\breakout\breakout\x64\debug\globalobjects.obj
c:\users\bartek\desktop\career\breakout\breakout\x64\debug\string_lhxp8ofyx37xqdul.ifc
c:\users\bartek\desktop\career\breakout\breakout\x64\debug\string_lhxp8ofyx37xqdul.ifc.d.json
c:\users\bartek\desktop\career\breakout\breakout\x64\debug\string_lhxp8ofyx37xqdul.obj
c:\users\bartek\desktop\career\breakout\breakout\x64\debug\gameaudio.ixx.ifc
c:\users\bartek\desktop\career\breakout\breakout\x64\debug\gameaudio.ixx.ifc.d.json
c:\users\bartek\desktop\career\breakout\breakout\x64\debug\gameaudio.ixx.obj
c:\users\bartek\desktop\career\breakout\x64\debug\breakout.exe
c:\users\bartek\desktop\career\breakout\x64\debug\breakout.pdb
c:\users\bartek\desktop\career\breakout\breakout\x64\debug\ball.ixx.module.json
c:\users\bartek\desktop\career\breakout\breakout\x64\debug\block.ixx.module.json
c:\users\bartek\desktop\career\breakout\breakout\x64\debug\string_lhxp8ofyx37xqdul.module.json
c:\users\bartek\desktop\career\breakout\breakout\x64\debug\textures.ixx.module.json
c:\users\bartek\desktop\career\breakout\breakout\x64\debug\gameaudio.ixx.module.json
c:\users\bartek\desktop\career\breakout\breakout\x64\debug\breakout.ilk
c:\users\bartek\desktop\career\breakout\breakout\x64\debug\ball.ixx.obj
c:\users\bartek\desktop\career\breakout\breakout\x64\debug\block.ixx.obj
c:\users\bartek\desktop\career\breakout\breakout\x64\debug\textures.ixx.obj
c:\users\bartek\desktop\career\breakout\breakout\x64\debug\breakout.tlog\cl.command.1.tlog
c:\users\bartek\desktop\career\breakout\breakout\x64\debug\breakout.tlog\cl.items.tlog
c:\users\bartek\desktop\career\breakout\breakout\x64\debug\breakout.tlog\cl.read.1.tlog
c:\users\bartek\desktop\career\breakout\breakout\x64\debug\breakout.tlog\cl.write.1.tlog
c:\users\bartek\desktop\career\breakout\breakout\x64\debug\breakout.tlog\link.command.1.tlog
c:\users\bartek\desktop\career\breakout\breakout\x64\debug\breakout.tlog\link.read.1.tlog
c:\users\bartek\desktop\career\breakout\breakout\x64\debug\breakout.tlog\link.secondary.1.tlog
c:\users\bartek\desktop\career\breakout\breakout\x64\debug\breakout.tlog\link.write.1.tlog
c:\users\bartek\desktop\career\breakout\breakout\x64\debug\breakout_md.tlog\cl.command.1.tlog
c:\users\bartek\desktop\career\breakout\breakout\x64\debug\breakout_md.tlog\microsoft.build.cpptasks.cl.read.1.tlog
c:\users\bartek\desktop\career\breakout\breakout\x64\debug\breakout_md.tlog\microsoft.build.cpptasks.cl.write.1.tlog
